<?xml version="1.0" encoding="UTF-8"?>
<testng-results ignored="0" total="4" passed="2" failed="2" skipped="0">
  <reporter-output>
  </reporter-output>
  <suite started-at="2020-11-03T21:53:06 IST" name="Suite" finished-at="2020-11-03T21:56:14 IST" duration-ms="187835">
    <groups>
    </groups>
    <test started-at="2020-11-03T21:53:06 IST" name="validate UI weather functionaity for Allahabad and validate against API" finished-at="2020-11-03T21:54:50 IST" duration-ms="103970">
      <class name="Test.APIUITest">
        <test-method signature="ValidateUIandAPIResult(java.lang.String)[pri:0, instance:Test.APIUITest@36d585c]" started-at="2020-11-03T21:54:20 IST" name="ValidateUIandAPIResult" finished-at="2020-11-03T21:54:50 IST" duration-ms="30186" status="FAIL">
          <params>
            <param index="0">
              <value>
                <![CDATA[Allahabad]]>
              </value>
            </param>
          </params>
          <exception class="java.lang.RuntimeException">
            <message>
              <![CDATA[Temperature is not with in variance range. UI value: 304.6111 | API value :295.55]]>
            </message>
            <full-stacktrace>
              <![CDATA[java.lang.RuntimeException: Temperature is not with in variance range. UI value: 304.6111 | API value :295.55
at Test.APIUITest.ValidateUIandAPIResult(APIUITest.java:30)
at java.base/jdk.internal.reflect.NativeMethodAccessorImpl.invoke0(Native Method)
at java.base/jdk.internal.reflect.NativeMethodAccessorImpl.invoke(NativeMethodAccessorImpl.java:62)
at java.base/jdk.internal.reflect.DelegatingMethodAccessorImpl.invoke(DelegatingMethodAccessorImpl.java:43)
at java.base/java.lang.reflect.Method.invoke(Method.java:566)
at org.testng.internal.MethodInvocationHelper.invokeMethod(MethodInvocationHelper.java:132)
at org.testng.internal.TestInvoker.invokeMethod(TestInvoker.java:599)
at org.testng.internal.TestInvoker.invokeTestMethod(TestInvoker.java:174)
at org.testng.internal.MethodRunner.runInSequence(MethodRunner.java:46)
at org.testng.internal.TestInvoker$MethodInvocationAgent.invoke(TestInvoker.java:822)
at org.testng.internal.TestInvoker.invokeTestMethods(TestInvoker.java:147)
at org.testng.internal.TestMethodWorker.invokeTestMethods(TestMethodWorker.java:146)
at org.testng.internal.TestMethodWorker.run(TestMethodWorker.java:128)
at java.base/java.util.ArrayList.forEach(ArrayList.java:1540)
at org.testng.TestRunner.privateRun(TestRunner.java:764)
at org.testng.TestRunner.run(TestRunner.java:585)
at org.testng.SuiteRunner.runTest(SuiteRunner.java:384)
at org.testng.SuiteRunner.access$000(SuiteRunner.java:28)
at org.testng.SuiteRunner$SuiteWorker.run(SuiteRunner.java:425)
at org.testng.internal.thread.ThreadUtil.lambda$execute$0(ThreadUtil.java:66)
at java.base/java.util.concurrent.FutureTask.run(FutureTask.java:264)
at java.base/java.util.concurrent.ThreadPoolExecutor.runWorker(ThreadPoolExecutor.java:1128)
at java.base/java.util.concurrent.ThreadPoolExecutor$Worker.run(ThreadPoolExecutor.java:628)
at java.base/java.lang.Thread.run(Thread.java:834)
]]>
            </full-stacktrace>
          </exception> <!-- java.lang.RuntimeException -->
          <reporter-output>
          </reporter-output>
        </test-method> <!-- ValidateUIandAPIResult -->
      </class> <!-- Test.APIUITest -->
    </test> <!-- validate UI weather functionaity for Allahabad and validate against API -->
    <test started-at="2020-11-03T21:53:06 IST" name="validate UI weather functionaity for Bengaluru and validate against API" finished-at="2020-11-03T21:54:50 IST" duration-ms="103971">
      <class name="Test.APIUITest">
        <test-method signature="ValidateUIandAPIResult(java.lang.String)[pri:0, instance:Test.APIUITest@13b13b5d]" started-at="2020-11-03T21:54:04 IST" name="ValidateUIandAPIResult" finished-at="2020-11-03T21:54:50 IST" duration-ms="46374" status="FAIL">
          <params>
            <param index="0">
              <value>
                <![CDATA[Bengaluru]]>
              </value>
            </param>
          </params>
          <exception class="java.lang.RuntimeException">
            <message>
              <![CDATA[Temperature is not with in variance range. UI value: 302.3889 | API value :297.44]]>
            </message>
            <full-stacktrace>
              <![CDATA[java.lang.RuntimeException: Temperature is not with in variance range. UI value: 302.3889 | API value :297.44
at Test.APIUITest.ValidateUIandAPIResult(APIUITest.java:30)
at java.base/jdk.internal.reflect.NativeMethodAccessorImpl.invoke0(Native Method)
at java.base/jdk.internal.reflect.NativeMethodAccessorImpl.invoke(NativeMethodAccessorImpl.java:62)
at java.base/jdk.internal.reflect.DelegatingMethodAccessorImpl.invoke(DelegatingMethodAccessorImpl.java:43)
at java.base/java.lang.reflect.Method.invoke(Method.java:566)
at org.testng.internal.MethodInvocationHelper.invokeMethod(MethodInvocationHelper.java:132)
at org.testng.internal.TestInvoker.invokeMethod(TestInvoker.java:599)
at org.testng.internal.TestInvoker.invokeTestMethod(TestInvoker.java:174)
at org.testng.internal.MethodRunner.runInSequence(MethodRunner.java:46)
at org.testng.internal.TestInvoker$MethodInvocationAgent.invoke(TestInvoker.java:822)
at org.testng.internal.TestInvoker.invokeTestMethods(TestInvoker.java:147)
at org.testng.internal.TestMethodWorker.invokeTestMethods(TestMethodWorker.java:146)
at org.testng.internal.TestMethodWorker.run(TestMethodWorker.java:128)
at java.base/java.util.ArrayList.forEach(ArrayList.java:1540)
at org.testng.TestRunner.privateRun(TestRunner.java:764)
at org.testng.TestRunner.run(TestRunner.java:585)
at org.testng.SuiteRunner.runTest(SuiteRunner.java:384)
at org.testng.SuiteRunner.access$000(SuiteRunner.java:28)
at org.testng.SuiteRunner$SuiteWorker.run(SuiteRunner.java:425)
at org.testng.internal.thread.ThreadUtil.lambda$execute$0(ThreadUtil.java:66)
at java.base/java.util.concurrent.FutureTask.run(FutureTask.java:264)
at java.base/java.util.concurrent.ThreadPoolExecutor.runWorker(ThreadPoolExecutor.java:1128)
at java.base/java.util.concurrent.ThreadPoolExecutor$Worker.run(ThreadPoolExecutor.java:628)
at java.base/java.lang.Thread.run(Thread.java:834)
]]>
            </full-stacktrace>
          </exception> <!-- java.lang.RuntimeException -->
          <reporter-output>
          </reporter-output>
        </test-method> <!-- ValidateUIandAPIResult -->
      </class> <!-- Test.APIUITest -->
    </test> <!-- validate UI weather functionaity for Bengaluru and validate against API -->
    <test started-at="2020-11-03T21:55:20 IST" name="validate UI weather functionaity for Lucknow" finished-at="2020-11-03T21:56:14 IST" duration-ms="53677">
      <class name="Test.UITest">
        <test-method signature="Validate_Weather_Functionality(java.lang.String)[pri:0, instance:Test.UITest@3972a855]" started-at="2020-11-03T21:55:53 IST" name="Validate_Weather_Functionality" finished-at="2020-11-03T21:56:14 IST" duration-ms="20906" status="PASS">
          <params>
            <param index="0">
              <value>
                <![CDATA[Lucknow]]>
              </value>
            </param>
          </params>
          <reporter-output>
          </reporter-output>
        </test-method> <!-- Validate_Weather_Functionality -->
      </class> <!-- Test.UITest -->
    </test> <!-- validate UI weather functionaity for Lucknow -->
    <test started-at="2020-11-03T21:55:20 IST" name="validate UI weather functionaity for Allahabad" finished-at="2020-11-03T21:56:14 IST" duration-ms="54156">
      <class name="Test.UITest">
        <test-method signature="Validate_Weather_Functionality(java.lang.String)[pri:0, instance:Test.UITest@482bce4f]" started-at="2020-11-03T21:55:53 IST" name="Validate_Weather_Functionality" finished-at="2020-11-03T21:56:14 IST" duration-ms="20673" status="PASS">
          <params>
            <param index="0">
              <value>
                <![CDATA[Allahabad]]>
              </value>
            </param>
          </params>
          <reporter-output>
          </reporter-output>
        </test-method> <!-- Validate_Weather_Functionality -->
      </class> <!-- Test.UITest -->
    </test> <!-- validate UI weather functionaity for Allahabad -->
  </suite> <!-- Suite -->
  <suite started-at="2020-11-03T21:56:23 IST" name="Suite (0)" finished-at="2020-11-03T21:56:23 IST" duration-ms="0">
    <groups>
    </groups>
  </suite> <!-- Suite (0) -->
</testng-results>
